-------------------------------------------------------------------------------
Test set: PersonTest
-------------------------------------------------------------------------------
Tests run: 15, Failures: 0, Errors: 15, Skipped: 0, Time elapsed: 0.215 s <<< FAILURE! -- in PersonTest
PersonTest.testAddPersonInvalidBirthdateFormat -- Time elapsed: 0.050 s <<< ERROR!
java.lang.Error: 
Unresolved compilation problem: 

	at Person.addPerson(Person.java:31)
	at PersonTest.testAddPersonInvalidBirthdateFormat(PersonTest.java:52)
	at java.base/java.lang.reflect.Method.invoke(Method.java:580)
	at java.base/java.util.ArrayList.forEach(ArrayList.java:1596)
	at java.base/java.util.ArrayList.forEach(ArrayList.java:1596)

PersonTest.testUpdateValidDetails -- Time elapsed: 0.006 s <<< ERROR!
java.lang.Error: 
Unresolved compilation problem: 

	at Person.updatePersonalDetails(Person.java:104)
	at PersonTest.testUpdateValidDetails(PersonTest.java:64)
	at java.base/java.lang.reflect.Method.invoke(Method.java:580)
	at java.base/java.util.ArrayList.forEach(ArrayList.java:1596)
	at java.base/java.util.ArrayList.forEach(ArrayList.java:1596)

PersonTest.testUpdateFailsOnBirthdayChangeWithOtherChanges -- Time elapsed: 0.007 s <<< ERROR!
java.lang.Error: 
Unresolved compilation problem: 

	at Person.updatePersonalDetails(Person.java:104)
	at PersonTest.testUpdateFailsOnBirthdayChangeWithOtherChanges(PersonTest.java:76)
	at java.base/java.lang.reflect.Method.invoke(Method.java:580)
	at java.base/java.util.ArrayList.forEach(ArrayList.java:1596)
	at java.base/java.util.ArrayList.forEach(ArrayList.java:1596)

PersonTest.testAddPersonInvalidIDFormat -- Time elapsed: 0.003 s <<< ERROR!
java.lang.Error: 
Unresolved compilation problem: 

	at Person.addPerson(Person.java:31)
	at PersonTest.testAddPersonInvalidIDFormat(PersonTest.java:40)
	at java.base/java.lang.reflect.Method.invoke(Method.java:580)
	at java.base/java.util.ArrayList.forEach(ArrayList.java:1596)
	at java.base/java.util.ArrayList.forEach(ArrayList.java:1596)

PersonTest.testAddPersonValid -- Time elapsed: 0.006 s <<< ERROR!
java.lang.Error: 
Unresolved compilation problem: 

	at Person.addPerson(Person.java:31)
	at PersonTest.testAddPersonValid(PersonTest.java:34)
	at java.base/java.lang.reflect.Method.invoke(Method.java:580)
	at java.base/java.util.ArrayList.forEach(ArrayList.java:1596)
	at java.base/java.util.ArrayList.forEach(ArrayList.java:1596)

PersonTest.testAddDemeritPointsInvalidDateFormat -- Time elapsed: 0.004 s <<< ERROR!
java.lang.Error: 
Unresolved compilation problems: 
	Duplicate local variable lines
	Syntax error, insert "Finally" to complete TryStatement
	Syntax error, insert "}" to complete ClassBody

	at Person.addDemeritPoints(Person.java:288)
	at PersonTest.testAddDemeritPointsInvalidDateFormat(PersonTest.java:100)
	at java.base/java.lang.reflect.Method.invoke(Method.java:580)
	at java.base/java.util.ArrayList.forEach(ArrayList.java:1596)
	at java.base/java.util.ArrayList.forEach(ArrayList.java:1596)

PersonTest.testUpdateFailsWithInvalidNewAddress -- Time elapsed: 0.002 s <<< ERROR!
java.lang.Error: 
Unresolved compilation problem: 

	at Person.updatePersonalDetails(Person.java:104)
	at PersonTest.testUpdateFailsWithInvalidNewAddress(PersonTest.java:88)
	at java.base/java.lang.reflect.Method.invoke(Method.java:580)
	at java.base/java.util.ArrayList.forEach(ArrayList.java:1596)
	at java.base/java.util.ArrayList.forEach(ArrayList.java:1596)

PersonTest.testAddPersonInvalidAddressState -- Time elapsed: 0.005 s <<< ERROR!
java.lang.Error: 
Unresolved compilation problem: 

	at Person.addPerson(Person.java:31)
	at PersonTest.testAddPersonInvalidAddressState(PersonTest.java:46)
	at java.base/java.lang.reflect.Method.invoke(Method.java:580)
	at java.base/java.util.ArrayList.forEach(ArrayList.java:1596)
	at java.base/java.util.ArrayList.forEach(ArrayList.java:1596)

PersonTest.testAddValidDemeritPointsUnderLimit -- Time elapsed: 0.005 s <<< ERROR!
java.lang.Error: 
Unresolved compilation problems: 
	Duplicate local variable lines
	Syntax error, insert "Finally" to complete TryStatement
	Syntax error, insert "}" to complete ClassBody

	at Person.addDemeritPoints(Person.java:288)
	at PersonTest.testAddValidDemeritPointsUnderLimit(PersonTest.java:94)
	at java.base/java.lang.reflect.Method.invoke(Method.java:580)
	at java.base/java.util.ArrayList.forEach(ArrayList.java:1596)
	at java.base/java.util.ArrayList.forEach(ArrayList.java:1596)

PersonTest.testSuspensionForUnder21ExceedingLimit -- Time elapsed: 0.004 s <<< ERROR!
java.lang.Error: 
Unresolved compilation problems: 
	Duplicate local variable lines
	Syntax error, insert "Finally" to complete TryStatement
	Syntax error, insert "}" to complete ClassBody

	at Person.addDemeritPoints(Person.java:288)
	at PersonTest.testSuspensionForUnder21ExceedingLimit(PersonTest.java:112)
	at java.base/java.lang.reflect.Method.invoke(Method.java:580)
	at java.base/java.util.ArrayList.forEach(ArrayList.java:1596)
	at java.base/java.util.ArrayList.forEach(ArrayList.java:1596)

PersonTest.testUpdateFailsOnUnder18AddressChange -- Time elapsed: 0.004 s <<< ERROR!
java.lang.Error: 
Unresolved compilation problem: 

	at Person.updatePersonalDetails(Person.java:104)
	at PersonTest.testUpdateFailsOnUnder18AddressChange(PersonTest.java:70)
	at java.base/java.lang.reflect.Method.invoke(Method.java:580)
	at java.base/java.util.ArrayList.forEach(ArrayList.java:1596)
	at java.base/java.util.ArrayList.forEach(ArrayList.java:1596)

PersonTest.testAddPersonMissingSpecialCharactersInID -- Time elapsed: 0.005 s <<< ERROR!
java.lang.Error: 
Unresolved compilation problem: 

	at Person.addPerson(Person.java:31)
	at PersonTest.testAddPersonMissingSpecialCharactersInID(PersonTest.java:58)
	at java.base/java.lang.reflect.Method.invoke(Method.java:580)
	at java.base/java.util.ArrayList.forEach(ArrayList.java:1596)
	at java.base/java.util.ArrayList.forEach(ArrayList.java:1596)

PersonTest.testUpdateFailsIfIDStartsWithEvenAndChanges -- Time elapsed: 0.008 s <<< ERROR!
java.lang.Error: 
Unresolved compilation problem: 

	at Person.updatePersonalDetails(Person.java:104)
	at PersonTest.testUpdateFailsIfIDStartsWithEvenAndChanges(PersonTest.java:82)
	at java.base/java.lang.reflect.Method.invoke(Method.java:580)
	at java.base/java.util.ArrayList.forEach(ArrayList.java:1596)
	at java.base/java.util.ArrayList.forEach(ArrayList.java:1596)

PersonTest.testAddDemeritPointsPersonNotFound -- Time elapsed: 0.002 s <<< ERROR!
java.lang.Error: 
Unresolved compilation problems: 
	Duplicate local variable lines
	Syntax error, insert "Finally" to complete TryStatement
	Syntax error, insert "}" to complete ClassBody

	at Person.addDemeritPoints(Person.java:288)
	at PersonTest.testAddDemeritPointsPersonNotFound(PersonTest.java:119)
	at java.base/java.lang.reflect.Method.invoke(Method.java:580)
	at java.base/java.util.ArrayList.forEach(ArrayList.java:1596)
	at java.base/java.util.ArrayList.forEach(ArrayList.java:1596)

PersonTest.testAddDemeritPointsInvalidRange -- Time elapsed: 0.003 s <<< ERROR!
java.lang.Error: 
Unresolved compilation problems: 
	Duplicate local variable lines
	Syntax error, insert "Finally" to complete TryStatement
	Syntax error, insert "}" to complete ClassBody

	at Person.addDemeritPoints(Person.java:288)
	at PersonTest.testAddDemeritPointsInvalidRange(PersonTest.java:106)
	at java.base/java.lang.reflect.Method.invoke(Method.java:580)
	at java.base/java.util.ArrayList.forEach(ArrayList.java:1596)
	at java.base/java.util.ArrayList.forEach(ArrayList.java:1596)

