<?xml version="1.0" encoding="UTF-8"?>
<testsuite xmlns:xsi="http://www.w3.org/2001/XMLSchema-instance" xsi:noNamespaceSchemaLocation="https://maven.apache.org/surefire/maven-surefire-plugin/xsd/surefire-test-report.xsd" version="3.0.2" name="PersonTest" time="0.215" tests="15" errors="15" skipped="0" failures="0">
  <properties>
    <property name="java.specification.version" value="21"/>
    <property name="sun.jnu.encoding" value="UTF-8"/>
    <property name="java.class.path" value="/workspaces/Assignment4_Group125/target/test-classes:/workspaces/Assignment4_Group125/target/classes:/home/codespace/.m2/repository/org/junit/jupiter/junit-jupiter-api/5.12.2/junit-jupiter-api-5.12.2.jar:/home/codespace/.m2/repository/org/opentest4j/opentest4j/1.3.0/opentest4j-1.3.0.jar:/home/codespace/.m2/repository/org/junit/platform/junit-platform-commons/1.12.2/junit-platform-commons-1.12.2.jar:/home/codespace/.m2/repository/org/apiguardian/apiguardian-api/1.1.2/apiguardian-api-1.1.2.jar:/home/codespace/.m2/repository/org/junit/jupiter/junit-jupiter-engine/5.12.2/junit-jupiter-engine-5.12.2.jar:/home/codespace/.m2/repository/org/junit/platform/junit-platform-engine/1.12.2/junit-platform-engine-1.12.2.jar:"/>
    <property name="java.vm.vendor" value="Microsoft"/>
    <property name="sun.arch.data.model" value="64"/>
    <property name="java.vendor.url" value="https://www.microsoft.com"/>
    <property name="os.name" value="Linux"/>
    <property name="java.vm.specification.version" value="21"/>
    <property name="sun.java.launcher" value="SUN_STANDARD"/>
    <property name="sun.boot.library.path" value="/usr/local/sdkman/candidates/java/21.0.6-ms/lib"/>
    <property name="sun.java.command" value="/workspaces/Assignment4_Group125/target/surefire/surefirebooter-20250528050249764_3.jar /workspaces/Assignment4_Group125/target/surefire 2025-05-28T05-02-49_599-jvmRun1 surefire-20250528050249764_1tmp surefire_0-20250528050249764_2tmp"/>
    <property name="jdk.debug" value="release"/>
    <property name="surefire.test.class.path" value="/workspaces/Assignment4_Group125/target/test-classes:/workspaces/Assignment4_Group125/target/classes:/home/codespace/.m2/repository/org/junit/jupiter/junit-jupiter-api/5.12.2/junit-jupiter-api-5.12.2.jar:/home/codespace/.m2/repository/org/opentest4j/opentest4j/1.3.0/opentest4j-1.3.0.jar:/home/codespace/.m2/repository/org/junit/platform/junit-platform-commons/1.12.2/junit-platform-commons-1.12.2.jar:/home/codespace/.m2/repository/org/apiguardian/apiguardian-api/1.1.2/apiguardian-api-1.1.2.jar:/home/codespace/.m2/repository/org/junit/jupiter/junit-jupiter-engine/5.12.2/junit-jupiter-engine-5.12.2.jar:/home/codespace/.m2/repository/org/junit/platform/junit-platform-engine/1.12.2/junit-platform-engine-1.12.2.jar:"/>
    <property name="sun.cpu.endian" value="little"/>
    <property name="user.home" value="/home/codespace"/>
    <property name="user.language" value="en"/>
    <property name="java.specification.vendor" value="Oracle Corporation"/>
    <property name="java.version.date" value="2025-01-21"/>
    <property name="java.home" value="/usr/local/sdkman/candidates/java/21.0.6-ms"/>
    <property name="file.separator" value="/"/>
    <property name="basedir" value="/workspaces/Assignment4_Group125"/>
    <property name="java.vm.compressedOopsMode" value="32-bit"/>
    <property name="line.separator" value="&#10;"/>
    <property name="java.specification.name" value="Java Platform API Specification"/>
    <property name="java.vm.specification.vendor" value="Oracle Corporation"/>
    <property name="surefire.real.class.path" value="/workspaces/Assignment4_Group125/target/surefire/surefirebooter-20250528050249764_3.jar"/>
    <property name="sun.management.compiler" value="HotSpot 64-Bit Tiered Compilers"/>
    <property name="java.runtime.version" value="21.0.6+7-LTS"/>
    <property name="user.name" value="codespace"/>
    <property name="stdout.encoding" value="UTF-8"/>
    <property name="path.separator" value=":"/>
    <property name="os.version" value="6.8.0-1027-azure"/>
    <property name="java.runtime.name" value="OpenJDK Runtime Environment"/>
    <property name="file.encoding" value="UTF-8"/>
    <property name="java.vm.name" value="OpenJDK 64-Bit Server VM"/>
    <property name="java.vendor.version" value="Microsoft-10800198"/>
    <property name="maven.ext.class.path" value="/home/codespace/.vscode-remote/extensions/oracle.oracle-java-24.0.0/nbcode/java/maven-nblib/netbeans-eventspy.jar"/>
    <property name="localRepository" value="/home/codespace/.m2/repository"/>
    <property name="java.vendor.url.bug" value="https://github.com/microsoft/openjdk/issues"/>
    <property name="java.io.tmpdir" value="/tmp"/>
    <property name="java.version" value="21.0.6"/>
    <property name="user.dir" value="/workspaces/Assignment4_Group125"/>
    <property name="os.arch" value="amd64"/>
    <property name="java.vm.specification.name" value="Java Virtual Machine Specification"/>
    <property name="native.encoding" value="UTF-8"/>
    <property name="java.library.path" value="/usr/java/packages/lib:/usr/lib64:/lib64:/lib:/usr/lib"/>
    <property name="java.vm.info" value="mixed mode, sharing"/>
    <property name="stderr.encoding" value="UTF-8"/>
    <property name="java.vendor" value="Microsoft"/>
    <property name="java.vm.version" value="21.0.6+7-LTS"/>
    <property name="sun.io.unicode.encoding" value="UnicodeLittle"/>
    <property name="java.class.version" value="65.0"/>
  </properties>
  <testcase name="testAddPersonInvalidBirthdateFormat" classname="PersonTest" time="0.05">
    <error message="Unresolved compilation problem: &#10;" type="java.lang.Error"><![CDATA[java.lang.Error: 
Unresolved compilation problem: 

	at Person.addPerson(Person.java:31)
	at PersonTest.testAddPersonInvalidBirthdateFormat(PersonTest.java:52)
	at java.base/java.lang.reflect.Method.invoke(Method.java:580)
	at java.base/java.util.ArrayList.forEach(ArrayList.java:1596)
	at java.base/java.util.ArrayList.forEach(ArrayList.java:1596)
]]></error>
  </testcase>
  <testcase name="testUpdateValidDetails" classname="PersonTest" time="0.006">
    <error message="Unresolved compilation problem: &#10;" type="java.lang.Error"><![CDATA[java.lang.Error: 
Unresolved compilation problem: 

	at Person.updatePersonalDetails(Person.java:104)
	at PersonTest.testUpdateValidDetails(PersonTest.java:64)
	at java.base/java.lang.reflect.Method.invoke(Method.java:580)
	at java.base/java.util.ArrayList.forEach(ArrayList.java:1596)
	at java.base/java.util.ArrayList.forEach(ArrayList.java:1596)
]]></error>
  </testcase>
  <testcase name="testUpdateFailsOnBirthdayChangeWithOtherChanges" classname="PersonTest" time="0.007">
    <error message="Unresolved compilation problem: &#10;" type="java.lang.Error"><![CDATA[java.lang.Error: 
Unresolved compilation problem: 

	at Person.updatePersonalDetails(Person.java:104)
	at PersonTest.testUpdateFailsOnBirthdayChangeWithOtherChanges(PersonTest.java:76)
	at java.base/java.lang.reflect.Method.invoke(Method.java:580)
	at java.base/java.util.ArrayList.forEach(ArrayList.java:1596)
	at java.base/java.util.ArrayList.forEach(ArrayList.java:1596)
]]></error>
  </testcase>
  <testcase name="testAddPersonInvalidIDFormat" classname="PersonTest" time="0.003">
    <error message="Unresolved compilation problem: &#10;" type="java.lang.Error"><![CDATA[java.lang.Error: 
Unresolved compilation problem: 

	at Person.addPerson(Person.java:31)
	at PersonTest.testAddPersonInvalidIDFormat(PersonTest.java:40)
	at java.base/java.lang.reflect.Method.invoke(Method.java:580)
	at java.base/java.util.ArrayList.forEach(ArrayList.java:1596)
	at java.base/java.util.ArrayList.forEach(ArrayList.java:1596)
]]></error>
  </testcase>
  <testcase name="testAddPersonValid" classname="PersonTest" time="0.006">
    <error message="Unresolved compilation problem: &#10;" type="java.lang.Error"><![CDATA[java.lang.Error: 
Unresolved compilation problem: 

	at Person.addPerson(Person.java:31)
	at PersonTest.testAddPersonValid(PersonTest.java:34)
	at java.base/java.lang.reflect.Method.invoke(Method.java:580)
	at java.base/java.util.ArrayList.forEach(ArrayList.java:1596)
	at java.base/java.util.ArrayList.forEach(ArrayList.java:1596)
]]></error>
  </testcase>
  <testcase name="testAddDemeritPointsInvalidDateFormat" classname="PersonTest" time="0.004">
    <error message="Unresolved compilation problems: &#10;	Duplicate local variable lines&#10;	Syntax error, insert &quot;Finally&quot; to complete TryStatement&#10;	Syntax error, insert &quot;}&quot; to complete ClassBody&#10;" type="java.lang.Error"><![CDATA[java.lang.Error: 
Unresolved compilation problems: 
	Duplicate local variable lines
	Syntax error, insert "Finally" to complete TryStatement
	Syntax error, insert "}" to complete ClassBody

	at Person.addDemeritPoints(Person.java:288)
	at PersonTest.testAddDemeritPointsInvalidDateFormat(PersonTest.java:100)
	at java.base/java.lang.reflect.Method.invoke(Method.java:580)
	at java.base/java.util.ArrayList.forEach(ArrayList.java:1596)
	at java.base/java.util.ArrayList.forEach(ArrayList.java:1596)
]]></error>
  </testcase>
  <testcase name="testUpdateFailsWithInvalidNewAddress" classname="PersonTest" time="0.002">
    <error message="Unresolved compilation problem: &#10;" type="java.lang.Error"><![CDATA[java.lang.Error: 
Unresolved compilation problem: 

	at Person.updatePersonalDetails(Person.java:104)
	at PersonTest.testUpdateFailsWithInvalidNewAddress(PersonTest.java:88)
	at java.base/java.lang.reflect.Method.invoke(Method.java:580)
	at java.base/java.util.ArrayList.forEach(ArrayList.java:1596)
	at java.base/java.util.ArrayList.forEach(ArrayList.java:1596)
]]></error>
  </testcase>
  <testcase name="testAddPersonInvalidAddressState" classname="PersonTest" time="0.005">
    <error message="Unresolved compilation problem: &#10;" type="java.lang.Error"><![CDATA[java.lang.Error: 
Unresolved compilation problem: 

	at Person.addPerson(Person.java:31)
	at PersonTest.testAddPersonInvalidAddressState(PersonTest.java:46)
	at java.base/java.lang.reflect.Method.invoke(Method.java:580)
	at java.base/java.util.ArrayList.forEach(ArrayList.java:1596)
	at java.base/java.util.ArrayList.forEach(ArrayList.java:1596)
]]></error>
  </testcase>
  <testcase name="testAddValidDemeritPointsUnderLimit" classname="PersonTest" time="0.005">
    <error message="Unresolved compilation problems: &#10;	Duplicate local variable lines&#10;	Syntax error, insert &quot;Finally&quot; to complete TryStatement&#10;	Syntax error, insert &quot;}&quot; to complete ClassBody&#10;" type="java.lang.Error"><![CDATA[java.lang.Error: 
Unresolved compilation problems: 
	Duplicate local variable lines
	Syntax error, insert "Finally" to complete TryStatement
	Syntax error, insert "}" to complete ClassBody

	at Person.addDemeritPoints(Person.java:288)
	at PersonTest.testAddValidDemeritPointsUnderLimit(PersonTest.java:94)
	at java.base/java.lang.reflect.Method.invoke(Method.java:580)
	at java.base/java.util.ArrayList.forEach(ArrayList.java:1596)
	at java.base/java.util.ArrayList.forEach(ArrayList.java:1596)
]]></error>
  </testcase>
  <testcase name="testSuspensionForUnder21ExceedingLimit" classname="PersonTest" time="0.004">
    <error message="Unresolved compilation problems: &#10;	Duplicate local variable lines&#10;	Syntax error, insert &quot;Finally&quot; to complete TryStatement&#10;	Syntax error, insert &quot;}&quot; to complete ClassBody&#10;" type="java.lang.Error"><![CDATA[java.lang.Error: 
Unresolved compilation problems: 
	Duplicate local variable lines
	Syntax error, insert "Finally" to complete TryStatement
	Syntax error, insert "}" to complete ClassBody

	at Person.addDemeritPoints(Person.java:288)
	at PersonTest.testSuspensionForUnder21ExceedingLimit(PersonTest.java:112)
	at java.base/java.lang.reflect.Method.invoke(Method.java:580)
	at java.base/java.util.ArrayList.forEach(ArrayList.java:1596)
	at java.base/java.util.ArrayList.forEach(ArrayList.java:1596)
]]></error>
  </testcase>
  <testcase name="testUpdateFailsOnUnder18AddressChange" classname="PersonTest" time="0.004">
    <error message="Unresolved compilation problem: &#10;" type="java.lang.Error"><![CDATA[java.lang.Error: 
Unresolved compilation problem: 

	at Person.updatePersonalDetails(Person.java:104)
	at PersonTest.testUpdateFailsOnUnder18AddressChange(PersonTest.java:70)
	at java.base/java.lang.reflect.Method.invoke(Method.java:580)
	at java.base/java.util.ArrayList.forEach(ArrayList.java:1596)
	at java.base/java.util.ArrayList.forEach(ArrayList.java:1596)
]]></error>
  </testcase>
  <testcase name="testAddPersonMissingSpecialCharactersInID" classname="PersonTest" time="0.005">
    <error message="Unresolved compilation problem: &#10;" type="java.lang.Error"><![CDATA[java.lang.Error: 
Unresolved compilation problem: 

	at Person.addPerson(Person.java:31)
	at PersonTest.testAddPersonMissingSpecialCharactersInID(PersonTest.java:58)
	at java.base/java.lang.reflect.Method.invoke(Method.java:580)
	at java.base/java.util.ArrayList.forEach(ArrayList.java:1596)
	at java.base/java.util.ArrayList.forEach(ArrayList.java:1596)
]]></error>
  </testcase>
  <testcase name="testUpdateFailsIfIDStartsWithEvenAndChanges" classname="PersonTest" time="0.008">
    <error message="Unresolved compilation problem: &#10;" type="java.lang.Error"><![CDATA[java.lang.Error: 
Unresolved compilation problem: 

	at Person.updatePersonalDetails(Person.java:104)
	at PersonTest.testUpdateFailsIfIDStartsWithEvenAndChanges(PersonTest.java:82)
	at java.base/java.lang.reflect.Method.invoke(Method.java:580)
	at java.base/java.util.ArrayList.forEach(ArrayList.java:1596)
	at java.base/java.util.ArrayList.forEach(ArrayList.java:1596)
]]></error>
  </testcase>
  <testcase name="testAddDemeritPointsPersonNotFound" classname="PersonTest" time="0.002">
    <error message="Unresolved compilation problems: &#10;	Duplicate local variable lines&#10;	Syntax error, insert &quot;Finally&quot; to complete TryStatement&#10;	Syntax error, insert &quot;}&quot; to complete ClassBody&#10;" type="java.lang.Error"><![CDATA[java.lang.Error: 
Unresolved compilation problems: 
	Duplicate local variable lines
	Syntax error, insert "Finally" to complete TryStatement
	Syntax error, insert "}" to complete ClassBody

	at Person.addDemeritPoints(Person.java:288)
	at PersonTest.testAddDemeritPointsPersonNotFound(PersonTest.java:119)
	at java.base/java.lang.reflect.Method.invoke(Method.java:580)
	at java.base/java.util.ArrayList.forEach(ArrayList.java:1596)
	at java.base/java.util.ArrayList.forEach(ArrayList.java:1596)
]]></error>
  </testcase>
  <testcase name="testAddDemeritPointsInvalidRange" classname="PersonTest" time="0.003">
    <error message="Unresolved compilation problems: &#10;	Duplicate local variable lines&#10;	Syntax error, insert &quot;Finally&quot; to complete TryStatement&#10;	Syntax error, insert &quot;}&quot; to complete ClassBody&#10;" type="java.lang.Error"><![CDATA[java.lang.Error: 
Unresolved compilation problems: 
	Duplicate local variable lines
	Syntax error, insert "Finally" to complete TryStatement
	Syntax error, insert "}" to complete ClassBody

	at Person.addDemeritPoints(Person.java:288)
	at PersonTest.testAddDemeritPointsInvalidRange(PersonTest.java:106)
	at java.base/java.lang.reflect.Method.invoke(Method.java:580)
	at java.base/java.util.ArrayList.forEach(ArrayList.java:1596)
	at java.base/java.util.ArrayList.forEach(ArrayList.java:1596)
]]></error>
  </testcase>
</testsuite>