<?xml version="1.0" encoding="UTF-8"?>
<testsuite xmlns:xsi="http://www.w3.org/2001/XMLSchema-instance" xsi:noNamespaceSchemaLocation="https://maven.apache.org/surefire/maven-surefire-plugin/xsd/surefire-test-report.xsd" version="3.0.2" name="PersonTest" time="0.106" tests="5" errors="0" skipped="0" failures="0">
  <properties>
[...]
</properties>
  <testcase name="testAddPersonInvalidBirthdateFormat" classname="PersonTest" time="0.032"/>
  <testcase name="testAddPersonInvalidIDFormat" classname="PersonTest" time="0.005"/>
  <testcase name="testAddPersonValid" classname="PersonTest" time="0.023"/>
  <testcase name="testAddPersonInvalidAddressState" classname="PersonTest" time="0.003"/>
  <testcase name="testAddPersonMissingSpecialCharactersInID" classname="PersonTest" time="0.003"/>
</testsuite>