<?xml version="1.0" encoding="UTF-8"?>
<testsuite xmlns:xsi="http://www.w3.org/2001/XMLSchema-instance" xsi:noNamespaceSchemaLocation="https://maven.apache.org/surefire/maven-surefire-plugin/xsd/surefire-test-report.xsd" version="3.0.2" name="PersonTest" time="0.215" tests="15" errors="15" skipped="0" failures="0">
  <properties>
[...]
</properties>
  <testcase name="testAddPersonInvalidBirthdateFormat" classname="PersonTest" time="0.05">
    <error message="Unresolved compilation problem: &#10;" type="java.lang.Error"><![CDATA[java.lang.Error: 
Unresolved compilation problem: 

	at Person.addPerson(Person.java:31)
	at PersonTest.testAddPersonInvalidBirthdateFormat(PersonTest.java:52)
	at java.base/java.lang.reflect.Method.invoke(Method.java:580)
	at java.base/java.util.ArrayList.forEach(ArrayList.java:1596)
	at java.base/java.util.ArrayList.forEach(ArrayList.java:1596)
]]></error>
  </testcase>
  <testcase name="testUpdateValidDetails" classname="PersonTest" time="0.006">
    <error message="Unresolved compilation problem: &#10;" type="java.lang.Error"><![CDATA[java.lang.Error: 
Unresolved compilation problem: 

	at Person.updatePersonalDetails(Person.java:104)
	at PersonTest.testUpdateValidDetails(PersonTest.java:64)
	at java.base/java.lang.reflect.Method.invoke(Method.java:580)
	at java.base/java.util.ArrayList.forEach(ArrayList.java:1596)
	at java.base/java.util.ArrayList.forEach(ArrayList.java:1596)
]]></error>
  </testcase>
  <testcase name="testUpdateFailsOnBirthdayChangeWithOtherChanges" classname="PersonTest" time="0.007">
    <error message="Unresolved compilation problem: &#10;" type="java.lang.Error"><![CDATA[java.lang.Error: 
Unresolved compilation problem: 

	at Person.updatePersonalDetails(Person.java:104)
	at PersonTest.testUpdateFailsOnBirthdayChangeWithOtherChanges(PersonTest.java:76)
	at java.base/java.lang.reflect.Method.invoke(Method.java:580)
	at java.base/java.util.ArrayList.forEach(ArrayList.java:1596)
	at java.base/java.util.ArrayList.forEach(ArrayList.java:1596)
]]></error>
  </testcase>
  <testcase name="testAddPersonInvalidIDFormat" classname="PersonTest" time="0.003">
    <error message="Unresolved compilation problem: &#10;" type="java.lang.Error"><![CDATA[java.lang.Error: 
Unresolved compilation problem: 

	at Person.addPerson(Person.java:31)
	at PersonTest.testAddPersonInvalidIDFormat(PersonTest.java:40)
	at java.base/java.lang.reflect.Method.invoke(Method.java:580)
	at java.base/java.util.ArrayList.forEach(ArrayList.java:1596)
	at java.base/java.util.ArrayList.forEach(ArrayList.java:1596)
]]></error>
  </testcase>
  <testcase name="testAddPersonValid" classname="PersonTest" time="0.006">
    <error message="Unresolved compilation problem: &#10;" type="java.lang.Error"><![CDATA[java.lang.Error: 
Unresolved compilation problem: 

	at Person.addPerson(Person.java:31)
	at PersonTest.testAddPersonValid(PersonTest.java:34)
	at java.base/java.lang.reflect.Method.invoke(Method.java:580)
	at java.base/java.util.ArrayList.forEach(ArrayList.java:1596)
	at java.base/java.util.ArrayList.forEach(ArrayList.java:1596)
]]></error>
  </testcase>
  <testcase name="testAddDemeritPointsInvalidDateFormat" classname="PersonTest" time="0.004">
    <error message="Unresolved compilation problems: &#10;	Duplicate local variable lines&#10;	Syntax error, insert &quot;Finally&quot; to complete TryStatement&#10;	Syntax error, insert &quot;}&quot; to complete ClassBody&#10;" type="java.lang.Error"><![CDATA[java.lang.Error: 
Unresolved compilation problems: 
	Duplicate local variable lines
	Syntax error, insert "Finally" to complete TryStatement
	Syntax error, insert "}" to complete ClassBody

	at Person.addDemeritPoints(Person.java:288)
	at PersonTest.testAddDemeritPointsInvalidDateFormat(PersonTest.java:100)
	at java.base/java.lang.reflect.Method.invoke(Method.java:580)
	at java.base/java.util.ArrayList.forEach(ArrayList.java:1596)
	at java.base/java.util.ArrayList.forEach(ArrayList.java:1596)
]]></error>
  </testcase>
  <testcase name="testUpdateFailsWithInvalidNewAddress" classname="PersonTest" time="0.002">
    <error message="Unresolved compilation problem: &#10;" type="java.lang.Error"><![CDATA[java.lang.Error: 
Unresolved compilation problem: 

	at Person.updatePersonalDetails(Person.java:104)
	at PersonTest.testUpdateFailsWithInvalidNewAddress(PersonTest.java:88)
	at java.base/java.lang.reflect.Method.invoke(Method.java:580)
	at java.base/java.util.ArrayList.forEach(ArrayList.java:1596)
	at java.base/java.util.ArrayList.forEach(ArrayList.java:1596)
]]></error>
  </testcase>
  <testcase name="testAddPersonInvalidAddressState" classname="PersonTest" time="0.005">
    <error message="Unresolved compilation problem: &#10;" type="java.lang.Error"><![CDATA[java.lang.Error: 
Unresolved compilation problem: 

	at Person.addPerson(Person.java:31)
	at PersonTest.testAddPersonInvalidAddressState(PersonTest.java:46)
	at java.base/java.lang.reflect.Method.invoke(Method.java:580)
	at java.base/java.util.ArrayList.forEach(ArrayList.java:1596)
	at java.base/java.util.ArrayList.forEach(ArrayList.java:1596)
]]></error>
  </testcase>
  <testcase name="testAddValidDemeritPointsUnderLimit" classname="PersonTest" time="0.005">
    <error message="Unresolved compilation problems: &#10;	Duplicate local variable lines&#10;	Syntax error, insert &quot;Finally&quot; to complete TryStatement&#10;	Syntax error, insert &quot;}&quot; to complete ClassBody&#10;" type="java.lang.Error"><![CDATA[java.lang.Error: 
Unresolved compilation problems: 
	Duplicate local variable lines
	Syntax error, insert "Finally" to complete TryStatement
	Syntax error, insert "}" to complete ClassBody

	at Person.addDemeritPoints(Person.java:288)
	at PersonTest.testAddValidDemeritPointsUnderLimit(PersonTest.java:94)
	at java.base/java.lang.reflect.Method.invoke(Method.java:580)
	at java.base/java.util.ArrayList.forEach(ArrayList.java:1596)
	at java.base/java.util.ArrayList.forEach(ArrayList.java:1596)
]]></error>
  </testcase>
  <testcase name="testSuspensionForUnder21ExceedingLimit" classname="PersonTest" time="0.004">
    <error message="Unresolved compilation problems: &#10;	Duplicate local variable lines&#10;	Syntax error, insert &quot;Finally&quot; to complete TryStatement&#10;	Syntax error, insert &quot;}&quot; to complete ClassBody&#10;" type="java.lang.Error"><![CDATA[java.lang.Error: 
Unresolved compilation problems: 
	Duplicate local variable lines
	Syntax error, insert "Finally" to complete TryStatement
	Syntax error, insert "}" to complete ClassBody

	at Person.addDemeritPoints(Person.java:288)
	at PersonTest.testSuspensionForUnder21ExceedingLimit(PersonTest.java:112)
	at java.base/java.lang.reflect.Method.invoke(Method.java:580)
	at java.base/java.util.ArrayList.forEach(ArrayList.java:1596)
	at java.base/java.util.ArrayList.forEach(ArrayList.java:1596)
]]></error>
  </testcase>
  <testcase name="testUpdateFailsOnUnder18AddressChange" classname="PersonTest" time="0.004">
    <error message="Unresolved compilation problem: &#10;" type="java.lang.Error"><![CDATA[java.lang.Error: 
Unresolved compilation problem: 

	at Person.updatePersonalDetails(Person.java:104)
	at PersonTest.testUpdateFailsOnUnder18AddressChange(PersonTest.java:70)
	at java.base/java.lang.reflect.Method.invoke(Method.java:580)
	at java.base/java.util.ArrayList.forEach(ArrayList.java:1596)
	at java.base/java.util.ArrayList.forEach(ArrayList.java:1596)
]]></error>
  </testcase>
  <testcase name="testAddPersonMissingSpecialCharactersInID" classname="PersonTest" time="0.005">
    <error message="Unresolved compilation problem: &#10;" type="java.lang.Error"><![CDATA[java.lang.Error: 
Unresolved compilation problem: 

	at Person.addPerson(Person.java:31)
	at PersonTest.testAddPersonMissingSpecialCharactersInID(PersonTest.java:58)
	at java.base/java.lang.reflect.Method.invoke(Method.java:580)
	at java.base/java.util.ArrayList.forEach(ArrayList.java:1596)
	at java.base/java.util.ArrayList.forEach(ArrayList.java:1596)
]]></error>
  </testcase>
  <testcase name="testUpdateFailsIfIDStartsWithEvenAndChanges" classname="PersonTest" time="0.008">
    <error message="Unresolved compilation problem: &#10;" type="java.lang.Error"><![CDATA[java.lang.Error: 
Unresolved compilation problem: 

	at Person.updatePersonalDetails(Person.java:104)
	at PersonTest.testUpdateFailsIfIDStartsWithEvenAndChanges(PersonTest.java:82)
	at java.base/java.lang.reflect.Method.invoke(Method.java:580)
	at java.base/java.util.ArrayList.forEach(ArrayList.java:1596)
	at java.base/java.util.ArrayList.forEach(ArrayList.java:1596)
]]></error>
  </testcase>
  <testcase name="testAddDemeritPointsPersonNotFound" classname="PersonTest" time="0.002">
    <error message="Unresolved compilation problems: &#10;	Duplicate local variable lines&#10;	Syntax error, insert &quot;Finally&quot; to complete TryStatement&#10;	Syntax error, insert &quot;}&quot; to complete ClassBody&#10;" type="java.lang.Error"><![CDATA[java.lang.Error: 
Unresolved compilation problems: 
	Duplicate local variable lines
	Syntax error, insert "Finally" to complete TryStatement
	Syntax error, insert "}" to complete ClassBody

	at Person.addDemeritPoints(Person.java:288)
	at PersonTest.testAddDemeritPointsPersonNotFound(PersonTest.java:119)
	at java.base/java.lang.reflect.Method.invoke(Method.java:580)
	at java.base/java.util.ArrayList.forEach(ArrayList.java:1596)
	at java.base/java.util.ArrayList.forEach(ArrayList.java:1596)
]]></error>
  </testcase>
  <testcase name="testAddDemeritPointsInvalidRange" classname="PersonTest" time="0.003">
    <error message="Unresolved compilation problems: &#10;	Duplicate local variable lines&#10;	Syntax error, insert &quot;Finally&quot; to complete TryStatement&#10;	Syntax error, insert &quot;}&quot; to complete ClassBody&#10;" type="java.lang.Error"><![CDATA[java.lang.Error: 
Unresolved compilation problems: 
	Duplicate local variable lines
	Syntax error, insert "Finally" to complete TryStatement
	Syntax error, insert "}" to complete ClassBody

	at Person.addDemeritPoints(Person.java:288)
	at PersonTest.testAddDemeritPointsInvalidRange(PersonTest.java:106)
	at java.base/java.lang.reflect.Method.invoke(Method.java:580)
	at java.base/java.util.ArrayList.forEach(ArrayList.java:1596)
	at java.base/java.util.ArrayList.forEach(ArrayList.java:1596)
]]></error>
  </testcase>
</testsuite>